Initializing server...
Reloading user database
Adapter ready, servant proxy: default -t -e 1.1:tcp -h 192.168.1.66 -p 40499 -t 60000
Entering server loop...
Initializing server...
Reloading user database
Adapter ready, servant proxy: default -t -e 1.1:tcp -h 192.168.1.66 -p 43341 -t 60000
Entering server loop...
Initializing server...
Reloading user database
Initializing server...
Reloading user database
Adapter ready, servant proxy: default -t -e 1.1:tcp -h 192.168.1.66 -p 38279 -t 60000
Entering server loop...
Initializing server...
Reloading user database
Adapter ready, servant proxy: default -t -e 1.1:tcp -h 192.168.1.66 -p 43561 -t 60000
Entering server loop...
Initializing server...
Reloading user database
Adapter ready, servant proxy: default -t -e 1.1:tcp -h 192.168.1.66 -p 36251 -t 60000
Entering server loop...
True
Map database updated!
Initializing server...
Reloading user database
Adapter ready, servant proxy: default -t -e 1.1:tcp -h 192.168.1.66 -p 32913 -t 60000
Entering server loop...
True
Map database updated!
Initializing server...
Reloading user database
Adapter ready, servant proxy: default -t -e 1.1:tcp -h 192.168.1.66 -p 41259 -t 60000
Entering server loop...
True
Map database updated!
Initializing server...
Reloading user database
Adapter ready, servant proxy: default -t -e 1.1:tcp -h 192.168.1.66 -p 33799 -t 60000
Entering server loop...
True
Map database updated!
